app/build/outputs/logs/manifest-merger-debug-report.txt
-- Merging decision tree log ---
activity#com.cabi.driver.SplashAct
INJECTED from src/main/AndroidManifest.xml:74:9-83:20
	android:label
		INJECTED from src/main/AndroidManifest.xml
manifest
ADDED from src/main/AndroidManifest.xml:2:1-347:12
INJECTED from src/main/AndroidManifest.xml:2:1-347:12
INJECTED from src/main/AndroidManifest.xml:2:1-347:12
INJECTED from src/main/AndroidManifest.xml:2:1-347:12
MERGED from src/main/AndroidManifest.xml:2:1-347:12
MERGED from [com.android.support:multidex:1.0.3] AndroidManifest.xml:17:1-22:12
MERGED from [:library] AndroidManifest.xml:2:1-11:12
MERGED from [com.crashlytics.sdk.android:crashlytics:2.6.5] AndroidManifest.xml:2:1-13:12
MERGED from [:aa] AndroidManifest.xml:2:1-16:12
MERGED from [com.github.yalantis:ucrop:2.2.1] AndroidManifest.xml:2:1-12:12
MERGED from [com.facebook.android:facebook-android-sdk:4.34.0] AndroidManifest.xml:21:1-31:12
MERGED from [com.google.android.gms:play-services-places:16.0.0] AndroidManifest.xml:17:1-24:12
MERGED from [com.google.android.gms:play-services-maps:16.0.0] AndroidManifest.xml:17:1-32:12
MERGED from [com.google.android.gms:play-services-location:16.0.0] AndroidManifest.xml:2:1-9:12
MERGED from [com.google.android.gms:play-services-gcm:16.0.0] AndroidManifest.xml:17:1-28:12
MERGED from [com.google.maps.android:android-maps-utils:0.4.4] AndroidManifest.xml:2:1-13:12
MERGED from [com.android.support:design:26.1.0] AndroidManifest.xml:17:1-31:12
MERGED from [com.facebook.android:facebook-login:4.34.0] AndroidManifest.xml:21:1-31:12
MERGED from [com.facebook.android:facebook-share:4.34.0] AndroidManifest.xml:21:1-31:12
MERGED from [com.facebook.android:facebook-common:4.34.0] AndroidManifest.xml:21:1-37:12
MERGED from [com.google.firebase:firebase-messaging:17.3.4] AndroidManifest.xml:17:1-37:12
MERGED from [com.google.firebase:firebase-crash:16.2.1] AndroidManifest.xml:17:1-32:12
MERGED from [com.google.android.gms:play-services-iid:16.0.0] AndroidManifest.xml:17:1-28:12
MERGED from [com.google.android.gms:play-services-flags:16.0.1] AndroidManifest.xml:17:1-22:12
MERGED from [com.google.firebase:firebase-iid:17.0.4] AndroidManifest.xml:17:1-59:12
MERGED from [com.google.firebase:firebase-iid-interop:16.0.1] AndroidManifest.xml:2:1-10:12
MERGED from [com.google.android.gms:play-services-base:16.0.1] AndroidManifest.xml:17:1-29:12
MERGED from [com.google.android.gms:play-services-places-placereport:16.0.0] AndroidManifest.xml:17:1-24:12
MERGED from [com.google.firebase:firebase-common:16.0.3] AndroidManifest.xml:2:1-17:12
MERGED from [com.google.android.gms:play-services-tasks:16.0.1] AndroidManifest.xml:2:1-9:12
MERGED from [com.google.android.gms:play-services-stats:16.0.1] AndroidManifest.xml:2:1-9:12
MERGED from [com.google.firebase:firebase-measurement-connector:17.0.1] AndroidManifest.xml:17:1-25:12
MERGED from [com.google.android.gms:play-services-basement:16.0.1] AndroidManifest.xml:17:1-28:12
MERGED from [com.android.support:transition:26.1.0] AndroidManifest.xml:17:1-28:12
MERGED from [com.android.support:support-v4:27.0.2] AndroidManifest.xml:17:1-22:12
MERGED from [com.android.support:cardview-v7:27.0.2] AndroidManifest.xml:17:1-22:12
MERGED from [com.android.support:appcompat-v7:27.0.2] AndroidManifest.xml:17:1-22:12
MERGED from [:telrlibrary-release] AndroidManifest.xml:2:1-26:12
MERGED from [com.crashlytics.sdk.android:beta:1.2.2] AndroidManifest.xml:2:1-13:12
MERGED from [com.crashlytics.sdk.android:crashlytics-core:2.3.14] AndroidManifest.xml:2:1-13:12
MERGED from [com.crashlytics.sdk.android:answers:1.3.10] AndroidManifest.xml:2:1-13:12
MERGED from [io.fabric.sdk.android:fabric:1.3.14] AndroidManifest.xml:18:1-29:12
MERGED from [com.facebook.android:facebook-places:4.34.0] AndroidManifest.xml:21:1-31:12
MERGED from [com.facebook.android:facebook-applinks:4.34.0] AndroidManifest.xml:21:1-31:12
MERGED from [com.facebook.android:facebook-messenger:4.34.0] AndroidManifest.xml:21:1-31:12
MERGED from [com.facebook.android:facebook-marketing:4.34.0] AndroidManifest.xml:21:1-35:12
MERGED from [com.facebook.android:facebook-core:4.34.0] AndroidManifest.xml:21:1-53:12
MERGED from [com.android.support:recyclerview-v7:26.1.0] AndroidManifest.xml:17:1-28:12
MERGED from [com.android.support:customtabs:27.0.2] AndroidManifest.xml:17:1-22:12
MERGED from [com.android.support:animated-vector-drawable:27.0.2] AndroidManifest.xml:17:1-22:12
MERGED from [com.android.support:support-vector-drawable:27.0.2] AndroidManifest.xml:17:1-22:12
MERGED from [com.android.support:support-fragment:27.0.2] AndroidManifest.xml:17:1-22:12
MERGED from [com.android.support:support-core-utils:27.0.2] AndroidManifest.xml:17:1-22:12
MERGED from [com.android.support:support-core-ui:27.0.2] AndroidManifest.xml:17:1-22:12
MERGED from [com.android.support:support-media-compat:27.0.2] AndroidManifest.xml:17:1-22:12
MERGED from [com.android.support:support-compat:27.0.2] AndroidManifest.xml:17:1-22:12
MERGED from [android.arch.lifecycle:runtime:1.0.3] AndroidManifest.xml:17:1-24:12
INJECTED from src/debug/AndroidManifest.xml:2:1-4:12
INJECTED from src/debug/AndroidManifest.xml:2:1-4:12
INJECTED from src/debug/AndroidManifest.xml:2:1-4:12
	package
		ADDED from src/main/AndroidManifest.xml:4:5-30
		INJECTED from src/main/AndroidManifest.xml
		ADDED from src/main/AndroidManifest.xml:4:5-30
		INJECTED from src/debug/AndroidManifest.xml
	android:versionName
		ADDED from src/main/AndroidManifest.xml:7:5-30
		INJECTED from src/main/AndroidManifest.xml
		ADDED from src/main/AndroidManifest.xml:7:5-30
		INJECTED from src/debug/AndroidManifest.xml
	xmlns:tools
		ADDED from src/main/AndroidManifest.xml:3:5-51
		ADDED from src/main/AndroidManifest.xml:3:5-51
	xmlns:android
		ADDED from src/main/AndroidManifest.xml:2:11-69
	android:versionCode
		ADDED from src/main/AndroidManifest.xml:6:5-29
		INJECTED from src/main/AndroidManifest.xml
		ADDED from src/main/AndroidManifest.xml:6:5-29
		INJECTED from src/debug/AndroidManifest.xml
	android:installLocation
		ADDED from src/main/AndroidManifest.xml:5:5-35
		ADDED from src/main/AndroidManifest.xml:5:5-35
uses-feature#android.hardware.telephony
ADDED from src/main/AndroidManifest.xml:19:5-21:36
	android:required
		ADDED from src/main/AndroidManifest.xml:21:9-33
	android:name
		ADDED from src/main/AndroidManifest.xml:20:9-50
uses-permission#android.permission.CALL_PHONE
ADDED from src/main/AndroidManifest.xml:23:5-69
	android:name
		ADDED from src/main/AndroidManifest.xml:23:22-66
uses-permission#android.permission.READ_PHONE_STATE
ADDED from src/main/AndroidManifest.xml:24:5-75
	android:name
		ADDED from src/main/AndroidManifest.xml:24:22-72
uses-permission#com.cabi.driver.permission.MAPS_RECEIVE
ADDED from src/main/AndroidManifest.xml:25:5-79
	android:name
		ADDED from src/main/AndroidManifest.xml:25:22-76
uses-permission#com.google.android.providers.gsf.permission.READ_GSERVICES
ADDED from src/main/AndroidManifest.xml:26:5-98
	android:name
		ADDED from src/main/AndroidManifest.xml:26:22-95
uses-permission#android.permission.ACCESS_FINE_LOCATION
ADDED from src/main/AndroidManifest.xml:27:5-79
	android:name
		ADDED from src/main/AndroidManifest.xml:27:22-76
uses-permission#android.permission.ACCESS_NETWORK_STATE
ADDED from src/main/AndroidManifest.xml:28:5-79
MERGED from [com.google.android.gms:play-services-maps:16.0.0] AndroidManifest.xml:23:5-79
MERGED from [com.google.android.gms:play-services-maps:16.0.0] AndroidManifest.xml:23:5-79
MERGED from [com.google.firebase:firebase-iid:17.0.4] AndroidManifest.xml:22:5-79
MERGED from [com.google.firebase:firebase-iid:17.0.4] AndroidManifest.xml:22:5-79
MERGED from [:telrlibrary-release] AndroidManifest.xml:12:5-79
MERGED from [:telrlibrary-release] AndroidManifest.xml:12:5-79
	android:name
		ADDED from src/main/AndroidManifest.xml:28:22-76
uses-permission#android.permission.INTERNET
ADDED from src/main/AndroidManifest.xml:29:5-67
MERGED from [com.crashlytics.sdk.android:crashlytics:2.6.5] AndroidManifest.xml:9:5-67
MERGED from [com.crashlytics.sdk.android:crashlytics:2.6.5] AndroidManifest.xml:9:5-67
MERGED from [com.google.android.gms:play-services-maps:16.0.0] AndroidManifest.xml:24:5-67
MERGED from [com.google.android.gms:play-services-maps:16.0.0] AndroidManifest.xml:24:5-67
MERGED from [com.google.android.gms:play-services-gcm:16.0.0] AndroidManifest.xml:24:5-67
MERGED from [com.google.android.gms:play-services-gcm:16.0.0] AndroidManifest.xml:24:5-67
MERGED from [com.google.firebase:firebase-crash:16.2.1] AndroidManifest.xml:22:5-67
MERGED from [com.google.firebase:firebase-crash:16.2.1] AndroidManifest.xml:22:5-67
MERGED from [com.google.android.gms:play-services-iid:16.0.0] AndroidManifest.xml:24:5-67
MERGED from [com.google.android.gms:play-services-iid:16.0.0] AndroidManifest.xml:24:5-67
MERGED from [com.google.firebase:firebase-iid:17.0.4] AndroidManifest.xml:23:5-67
MERGED from [com.google.firebase:firebase-iid:17.0.4] AndroidManifest.xml:23:5-67
MERGED from [:telrlibrary-release] AndroidManifest.xml:10:5-67
MERGED from [:telrlibrary-release] AndroidManifest.xml:10:5-67
MERGED from [com.crashlytics.sdk.android:beta:1.2.2] AndroidManifest.xml:9:5-67
MERGED from [com.crashlytics.sdk.android:beta:1.2.2] AndroidManifest.xml:9:5-67
MERGED from [com.crashlytics.sdk.android:crashlytics-core:2.3.14] AndroidManifest.xml:9:5-67
MERGED from [com.crashlytics.sdk.android:crashlytics-core:2.3.14] AndroidManifest.xml:9:5-67
MERGED from [com.crashlytics.sdk.android:answers:1.3.10] AndroidManifest.xml:9:5-67
MERGED from [com.crashlytics.sdk.android:answers:1.3.10] AndroidManifest.xml:9:5-67
MERGED from [io.fabric.sdk.android:fabric:1.3.14] AndroidManifest.xml:25:5-67
MERGED from [io.fabric.sdk.android:fabric:1.3.14] AndroidManifest.xml:25:5-67
	android:name
		ADDED from src/main/AndroidManifest.xml:29:22-64
uses-permission#android.permission.ACCESS_WIFI_STATE
ADDED from src/main/AndroidManifest.xml:30:5-76
MERGED from [:telrlibrary-release] AndroidManifest.xml:11:5-76
MERGED from [:telrlibrary-release] AndroidManifest.xml:11:5-76
	android:name
		ADDED from src/main/AndroidManifest.xml:30:22-73
uses-permission#android.permission.CHANGE_NETWORK_STATE
ADDED from src/main/AndroidManifest.xml:31:5-79
	android:name
		ADDED from src/main/AndroidManifest.xml:31:22-76
uses-permission#android.permission.CHANGE_WIFI_STATE
ADDED from src/main/AndroidManifest.xml:32:5-76
	android:name
		ADDED from src/main/AndroidManifest.xml:32:22-73
uses-permission#android.permission.READ_EXTERNAL_STORAGE
ADDED from src/main/AndroidManifest.xml:33:5-80
	android:name
		ADDED from src/main/AndroidManifest.xml:33:22-77
uses-permission#android.permission.READ_INTERNAL_STORAGE
ADDED from src/main/AndroidManifest.xml:34:5-80
	android:name
		ADDED from src/main/AndroidManifest.xml:34:22-77
uses-permission#com.google.android.c2dm.permission.RECEIVE
ADDED from src/main/AndroidManifest.xml:40:5-82
MERGED from [com.google.android.gms:play-services-gcm:16.0.0] AndroidManifest.xml:23:5-82
MERGED from [com.google.android.gms:play-services-gcm:16.0.0] AndroidManifest.xml:23:5-82
MERGED from [com.google.android.gms:play-services-iid:16.0.0] AndroidManifest.xml:23:5-82
MERGED from [com.google.android.gms:play-services-iid:16.0.0] AndroidManifest.xml:23:5-82
MERGED from [com.google.firebase:firebase-iid:17.0.4] AndroidManifest.xml:26:5-82
MERGED from [com.google.firebase:firebase-iid:17.0.4] AndroidManifest.xml:26:5-82
	android:name
		ADDED from src/main/AndroidManifest.xml:40:22-79
uses-permission#com.cabi.driver.permission.C2D_MESSAGE
ADDED from src/main/AndroidManifest.xml:41:5-78
	android:name
		ADDED from src/main/AndroidManifest.xml:41:22-75
uses-permission#android.permission.WAKE_LOCK
ADDED from src/main/AndroidManifest.xml:42:5-68
MERGED from [com.google.firebase:firebase-iid:17.0.4] AndroidManifest.xml:24:5-68
MERGED from [com.google.firebase:firebase-iid:17.0.4] AndroidManifest.xml:24:5-68
	android:name
		ADDED from src/main/AndroidManifest.xml:42:22-65
uses-permission#android.permission.ACCESS_COARSE_LOCATION
ADDED from src/main/AndroidManifest.xml:43:5-81
	android:name
		ADDED from src/main/AndroidManifest.xml:43:22-78
uses-feature#0x00020000
ADDED from src/main/AndroidManifest.xml:46:5-48:35
MERGED from [com.google.android.gms:play-services-maps:16.0.0] AndroidManifest.xml:26:5-28:35
MERGED from [com.google.android.gms:play-services-maps:16.0.0] AndroidManifest.xml:26:5-28:35
	android:glEsVersion
		ADDED from src/main/AndroidManifest.xml:47:9-41
	android:required
		ADDED from src/main/AndroidManifest.xml:48:9-32
uses-feature#android.hardware.location.gps
ADDED from src/main/AndroidManifest.xml:49:5-51:35
	android:required
		ADDED from src/main/AndroidManifest.xml:51:9-32
	android:name
		ADDED from src/main/AndroidManifest.xml:50:9-53
uses-permission#android.permission.GET_TASKS
ADDED from src/main/AndroidManifest.xml:53:5-68
	android:name
		ADDED from src/main/AndroidManifest.xml:53:22-65
uses-permission#android.permission.READ_CALENDAR
ADDED from src/main/AndroidManifest.xml:54:5-72
	android:name
		ADDED from src/main/AndroidManifest.xml:54:22-69
uses-permission#android.permission.WRITE_CALENDAR
ADDED from src/main/AndroidManifest.xml:55:5-73
	android:name
		ADDED from src/main/AndroidManifest.xml:55:22-70
uses-permission#android.permission.WRITE_EXTERNAL_STORAGE
ADDED from src/main/AndroidManifest.xml:56:5-81
	android:name
		ADDED from src/main/AndroidManifest.xml:56:22-78
application
ADDED from src/main/AndroidManifest.xml:58:5-345:19
MERGED from [com.crashlytics.sdk.android:crashlytics:2.6.5] AndroidManifest.xml:11:5-20
MERGED from [com.crashlytics.sdk.android:crashlytics:2.6.5] AndroidManifest.xml:11:5-20
MERGED from [:aa] AndroidManifest.xml:11:5-14:19
MERGED from [:aa] AndroidManifest.xml:11:5-14:19
MERGED from [com.facebook.android:facebook-android-sdk:4.34.0] AndroidManifest.xml:28:5-29:19
MERGED from [com.facebook.android:facebook-android-sdk:4.34.0] AndroidManifest.xml:28:5-29:19
MERGED from [com.google.android.gms:play-services-places:16.0.0] AndroidManifest.xml:22:5-20
MERGED from [com.google.android.gms:play-services-places:16.0.0] AndroidManifest.xml:22:5-20
MERGED from [com.google.android.gms:play-services-maps:16.0.0] AndroidManifest.xml:30:5-20
MERGED from [com.google.android.gms:play-services-maps:16.0.0] AndroidManifest.xml:30:5-20
MERGED from [com.google.android.gms:play-services-location:16.0.0] AndroidManifest.xml:7:5-20
MERGED from [com.google.android.gms:play-services-location:16.0.0] AndroidManifest.xml:7:5-20
MERGED from [com.google.android.gms:play-services-gcm:16.0.0] AndroidManifest.xml:26:5-20
MERGED from [com.google.android.gms:play-services-gcm:16.0.0] AndroidManifest.xml:26:5-20
MERGED from [com.google.maps.android:android-maps-utils:0.4.4] AndroidManifest.xml:7:5-11:19
MERGED from [com.google.maps.android:android-maps-utils:0.4.4] AndroidManifest.xml:7:5-11:19
MERGED from [com.android.support:design:26.1.0] AndroidManifest.xml:25:5-29:19
MERGED from [com.android.support:design:26.1.0] AndroidManifest.xml:25:5-29:19
MERGED from [com.facebook.android:facebook-login:4.34.0] AndroidManifest.xml:28:5-29:19
MERGED from [com.facebook.android:facebook-login:4.34.0] AndroidManifest.xml:28:5-29:19
MERGED from [com.facebook.android:facebook-share:4.34.0] AndroidManifest.xml:28:5-29:19
MERGED from [com.facebook.android:facebook-share:4.34.0] AndroidManifest.xml:28:5-29:19
MERGED from [com.facebook.android:facebook-common:4.34.0] AndroidManifest.xml:28:5-35:19
MERGED from [com.facebook.android:facebook-common:4.34.0] AndroidManifest.xml:28:5-35:19
MERGED from [com.google.firebase:firebase-messaging:17.3.4] AndroidManifest.xml:22:5-35:19
MERGED from [com.google.firebase:firebase-messaging:17.3.4] AndroidManifest.xml:22:5-35:19
MERGED from [com.google.firebase:firebase-crash:16.2.1] AndroidManifest.xml:24:5-30:19
MERGED from [com.google.firebase:firebase-crash:16.2.1] AndroidManifest.xml:24:5-30:19
MERGED from [com.google.android.gms:play-services-iid:16.0.0] AndroidManifest.xml:26:5-20
MERGED from [com.google.android.gms:play-services-iid:16.0.0] AndroidManifest.xml:26:5-20
MERGED from [com.google.firebase:firebase-iid:17.0.4] AndroidManifest.xml:28:5-57:19
MERGED from [com.google.firebase:firebase-iid:17.0.4] AndroidManifest.xml:28:5-57:19
MERGED from [com.google.firebase:firebase-iid-interop:16.0.1] AndroidManifest.xml:7:5-8:19
MERGED from [com.google.firebase:firebase-iid-interop:16.0.1] AndroidManifest.xml:7:5-8:19
MERGED from [com.google.android.gms:play-services-base:16.0.1] AndroidManifest.xml:22:5-27:19
MERGED from [com.google.android.gms:play-services-base:16.0.1] AndroidManifest.xml:22:5-27:19
MERGED from [com.google.android.gms:play-services-places-placereport:16.0.0] AndroidManifest.xml:22:5-20
MERGED from [com.google.android.gms:play-services-places-placereport:16.0.0] AndroidManifest.xml:22:5-20
MERGED from [com.google.firebase:firebase-common:16.0.3] AndroidManifest.xml:9:5-15:19
MERGED from [com.google.firebase:firebase-common:16.0.3] AndroidManifest.xml:9:5-15:19
MERGED from [com.google.android.gms:play-services-tasks:16.0.1] AndroidManifest.xml:7:5-20
MERGED from [com.google.android.gms:play-services-tasks:16.0.1] AndroidManifest.xml:7:5-20
MERGED from [com.google.android.gms:play-services-stats:16.0.1] AndroidManifest.xml:7:5-20
MERGED from [com.google.android.gms:play-services-stats:16.0.1] AndroidManifest.xml:7:5-20
MERGED from [com.google.firebase:firebase-measurement-connector:17.0.1] AndroidManifest.xml:22:5-23:19
MERGED from [com.google.firebase:firebase-measurement-connector:17.0.1] AndroidManifest.xml:22:5-23:19
MERGED from [com.google.android.gms:play-services-basement:16.0.1] AndroidManifest.xml:22:5-26:19
MERGED from [com.google.android.gms:play-services-basement:16.0.1] AndroidManifest.xml:22:5-26:19
MERGED from [com.android.support:transition:26.1.0] AndroidManifest.xml:22:5-26:19
MERGED from [com.android.support:transition:26.1.0] AndroidManifest.xml:22:5-26:19
MERGED from [:telrlibrary-release] AndroidManifest.xml:14:5-24:19
MERGED from [:telrlibrary-release] AndroidManifest.xml:14:5-24:19
MERGED from [com.crashlytics.sdk.android:beta:1.2.2] AndroidManifest.xml:11:5-20
MERGED from [com.crashlytics.sdk.android:beta:1.2.2] AndroidManifest.xml:11:5-20
MERGED from [com.crashlytics.sdk.android:crashlytics-core:2.3.14] AndroidManifest.xml:11:5-20
MERGED from [com.crashlytics.sdk.android:crashlytics-core:2.3.14] AndroidManifest.xml:11:5-20
MERGED from [com.crashlytics.sdk.android:answers:1.3.10] AndroidManifest.xml:11:5-20
MERGED from [com.crashlytics.sdk.android:answers:1.3.10] AndroidManifest.xml:11:5-20
MERGED from [io.fabric.sdk.android:fabric:1.3.14] AndroidManifest.xml:27:5-20
MERGED from [io.fabric.sdk.android:fabric:1.3.14] AndroidManifest.xml:27:5-20
MERGED from [com.facebook.android:facebook-places:4.34.0] AndroidManifest.xml:28:5-29:19
MERGED from [com.facebook.android:facebook-places:4.34.0] AndroidManifest.xml:28:5-29:19
MERGED from [com.facebook.android:facebook-applinks:4.34.0] AndroidManifest.xml:28:5-29:19
MERGED from [com.facebook.android:facebook-applinks:4.34.0] AndroidManifest.xml:28:5-29:19
MERGED from [com.facebook.android:facebook-messenger:4.34.0] AndroidManifest.xml:28:5-29:19
MERGED from [com.facebook.android:facebook-messenger:4.34.0] AndroidManifest.xml:28:5-29:19
MERGED from [com.facebook.android:facebook-marketing:4.34.0] AndroidManifest.xml:28:5-33:19
MERGED from [com.facebook.android:facebook-marketing:4.34.0] AndroidManifest.xml:28:5-33:19
MERGED from [com.facebook.android:facebook-core:4.34.0] AndroidManifest.xml:28:5-51:19
MERGED from [com.facebook.android:facebook-core:4.34.0] AndroidManifest.xml:28:5-51:19
MERGED from [com.android.support:recyclerview-v7:26.1.0] AndroidManifest.xml:22:5-26:19
MERGED from [com.android.support:recyclerview-v7:26.1.0] AndroidManifest.xml:22:5-26:19
	android:supportsRtl
		ADDED from src/main/AndroidManifest.xml:65:9-36
		REJECTED from [:aa] AndroidManifest.xml:13:9-35
		REJECTED from [com.facebook.android:facebook-android-sdk:4.34.0] AndroidManifest.xml:28:18-44
		REJECTED from [com.facebook.android:facebook-login:4.34.0] AndroidManifest.xml:28:18-44
		REJECTED from [com.facebook.android:facebook-share:4.34.0] AndroidManifest.xml:28:18-44
		REJECTED from [com.facebook.android:facebook-common:4.34.0] AndroidManifest.xml:28:18-44
		REJECTED from [:telrlibrary-release] AndroidManifest.xml:18:9-35
		REJECTED from [com.facebook.android:facebook-places:4.34.0] AndroidManifest.xml:28:18-44
		REJECTED from [com.facebook.android:facebook-applinks:4.34.0] AndroidManifest.xml:28:18-44
		REJECTED from [com.facebook.android:facebook-messenger:4.34.0] AndroidManifest.xml:28:18-44
		REJECTED from [com.facebook.android:facebook-marketing:4.34.0] AndroidManifest.xml:28:18-44
		REJECTED from [com.facebook.android:facebook-core:4.34.0] AndroidManifest.xml:28:18-44
	android:label
		ADDED from src/main/AndroidManifest.xml:63:9-49
		REJECTED from [:telrlibrary-release] AndroidManifest.xml:17:9-41
	android:hardwareAccelerated
		ADDED from src/main/AndroidManifest.xml:61:9-43
	android:largeHeap
		ADDED from src/main/AndroidManifest.xml:64:9-33
	android:icon
		ADDED from src/main/AndroidManifest.xml:62:9-45
	android:allowBackup
		ADDED from src/main/AndroidManifest.xml:60:9-35
	android:theme
		ADDED from [:telrlibrary-release] AndroidManifest.xml:19:9-41
	tools:replace
		ADDED from src/main/AndroidManifest.xml:66:9-71
	android:name
		ADDED from src/main/AndroidManifest.xml:59:9-68
		REJECTED from [:telrlibrary-release] AndroidManifest.xml:15:9-59
activity#com.cabi.driver.StreetPickUpAct
ADDED from src/main/AndroidManifest.xml:84:9-89:67
	android:screenOrientation
		ADDED from src/main/AndroidManifest.xml:86:13-49
	android:windowSoftInputMode
		ADDED from src/main/AndroidManifest.xml:89:13-64
	android:theme
		ADDED from src/main/AndroidManifest.xml:88:13-51
	android:name
		ADDED from src/main/AndroidManifest.xml:85:13-59
activity#com.cabi.driver.LocationSearchActivity
ADDED from src/main/AndroidManifest.xml:90:9-95:64
	android:screenOrientation
		ADDED from src/main/AndroidManifest.xml:92:13-49
	android:windowSoftInputMode
		ADDED from src/main/AndroidManifest.xml:95:13-61
	android:theme
		ADDED from src/main/AndroidManifest.xml:94:13-51
	android:name
		ADDED from src/main/AndroidManifest.xml:91:13-66
activity#com.cabi.driver.TripHistoryAct
ADDED from src/main/AndroidManifest.xml:101:9-106:67
	android:screenOrientation
		ADDED from src/main/AndroidManifest.xml:103:13-49
	android:windowSoftInputMode
		ADDED from src/main/AndroidManifest.xml:106:13-64
	android:theme
		ADDED from src/main/AndroidManifest.xml:105:13-51
	android:name
		ADDED from src/main/AndroidManifest.xml:102:13-58
activity#com.cabi.driver.TripDetails
ADDED from src/main/AndroidManifest.xml:107:9-112:67
	android:screenOrientation
		ADDED from src/main/AndroidManifest.xml:109:13-49
	android:windowSoftInputMode
		ADDED from src/main/AndroidManifest.xml:112:13-64
	android:theme
		ADDED from src/main/AndroidManifest.xml:110:13-51
	android:name
		ADDED from src/main/AndroidManifest.xml:108:13-55
activity#com.cabi.driver.UserLoginAct
ADDED from src/main/AndroidManifest.xml:113:9-119:67
	android:screenOrientation
		ADDED from src/main/AndroidManifest.xml:116:13-49
	android:launchMode
		ADDED from src/main/AndroidManifest.xml:115:13-44
	android:windowSoftInputMode
		ADDED from src/main/AndroidManifest.xml:119:13-64
	android:theme
		ADDED from src/main/AndroidManifest.xml:117:13-51
	android:name
		ADDED from src/main/AndroidManifest.xml:114:13-56
activity#com.cabi.driver.JobdoneAct
ADDED from src/main/AndroidManifest.xml:120:9-125:67
	android:screenOrientation
		ADDED from src/main/AndroidManifest.xml:122:13-49
	android:windowSoftInputMode
		ADDED from src/main/AndroidManifest.xml:125:13-64
	android:theme
		ADDED from src/main/AndroidManifest.xml:123:13-51
	android:name
		ADDED from src/main/AndroidManifest.xml:121:13-54
activity#com.cabi.driver.InviteFriendAct
ADDED from src/main/AndroidManifest.xml:126:9-131:67
	android:screenOrientation
		ADDED from src/main/AndroidManifest.xml:128:13-49
	android:windowSoftInputMode
		ADDED from src/main/AndroidManifest.xml:131:13-64
	android:theme
		ADDED from src/main/AndroidManifest.xml:130:13-51
	android:name
		ADDED from src/main/AndroidManifest.xml:127:13-59
activity#com.cabi.driver.OngoingAct
ADDED from src/main/AndroidManifest.xml:132:9-138:67
	android:screenOrientation
		ADDED from src/main/AndroidManifest.xml:135:13-49
	android:launchMode
		ADDED from src/main/AndroidManifest.xml:134:13-44
	android:windowSoftInputMode
		ADDED from src/main/AndroidManifest.xml:138:13-64
	android:theme
		ADDED from src/main/AndroidManifest.xml:137:13-51
	android:name
		ADDED from src/main/AndroidManifest.xml:133:13-54
activity#com.cabi.driver.MeAct
ADDED from src/main/AndroidManifest.xml:139:9-144:67
	android:screenOrientation
		ADDED from src/main/AndroidManifest.xml:142:13-49
	android:windowSoftInputMode
		ADDED from src/main/AndroidManifest.xml:144:13-64
	android:configChanges
		ADDED from src/main/AndroidManifest.xml:141:13-186
	android:theme
		ADDED from src/main/AndroidManifest.xml:143:13-51
	android:name
		ADDED from src/main/AndroidManifest.xml:140:13-49
activity#com.cabi.driver.NotificationAct
ADDED from src/main/AndroidManifest.xml:145:9-151:67
	android:screenOrientation
		ADDED from src/main/AndroidManifest.xml:148:13-49
	android:launchMode
		ADDED from src/main/AndroidManifest.xml:147:13-44
	android:windowSoftInputMode
		ADDED from src/main/AndroidManifest.xml:151:13-64
	android:theme
		ADDED from src/main/AndroidManifest.xml:149:13-51
	android:name
		ADDED from src/main/AndroidManifest.xml:146:13-59
activity#com.cabi.driver.FarecalcAct
ADDED from src/main/AndroidManifest.xml:152:9-157:67
	android:screenOrientation
		ADDED from src/main/AndroidManifest.xml:154:13-49
	android:windowSoftInputMode
		ADDED from src/main/AndroidManifest.xml:157:13-64
	android:theme
		ADDED from src/main/AndroidManifest.xml:155:13-51
	android:name
		ADDED from src/main/AndroidManifest.xml:153:13-55
activity#com.cabi.driver.PayuncardAct
ADDED from src/main/AndroidManifest.xml:158:9-163:67
	android:screenOrientation
		ADDED from src/main/AndroidManifest.xml:160:13-49
	android:windowSoftInputMode
		ADDED from src/main/AndroidManifest.xml:163:13-64
	android:theme
		ADDED from src/main/AndroidManifest.xml:161:13-51
	android:name
		ADDED from src/main/AndroidManifest.xml:159:13-56
activity#com.cabi.driver.CanceltripAct
ADDED from src/main/AndroidManifest.xml:164:9-168:67
	android:windowSoftInputMode
		ADDED from src/main/AndroidManifest.xml:168:13-64
	android:theme
		ADDED from src/main/AndroidManifest.xml:167:13-53
	android:name
		ADDED from src/main/AndroidManifest.xml:165:13-57
activity#com.cabi.driver.ShowAlertAct
ADDED from src/main/AndroidManifest.xml:169:9-174:67
	android:windowSoftInputMode
		ADDED from src/main/AndroidManifest.xml:174:13-64
	android:theme
		ADDED from src/main/AndroidManifest.xml:173:13-53
	android:name
		ADDED from src/main/AndroidManifest.xml:170:13-56
activity#com.cabi.driver.MyStatus
ADDED from src/main/AndroidManifest.xml:175:9-181:67
	android:screenOrientation
		ADDED from src/main/AndroidManifest.xml:178:13-49
	android:launchMode
		ADDED from src/main/AndroidManifest.xml:177:13-44
	android:windowSoftInputMode
		ADDED from src/main/AndroidManifest.xml:181:13-64
	android:theme
		ADDED from src/main/AndroidManifest.xml:180:13-51
	android:name
		ADDED from src/main/AndroidManifest.xml:176:13-52
activity#com.cabi.driver.WithdrawHistoryAct
ADDED from src/main/AndroidManifest.xml:182:9-188:67
	android:screenOrientation
		ADDED from src/main/AndroidManifest.xml:185:13-49
	android:launchMode
		ADDED from src/main/AndroidManifest.xml:184:13-44
	android:windowSoftInputMode
		ADDED from src/main/AndroidManifest.xml:188:13-64
	android:theme
		ADDED from src/main/AndroidManifest.xml:187:13-51
	android:name
		ADDED from src/main/AndroidManifest.xml:183:13-62
activity#com.facebook.FacebookActivity
ADDED from src/main/AndroidManifest.xml:189:9-192:56
MERGED from [com.facebook.android:facebook-common:4.34.0] AndroidManifest.xml:29:9-32:66
MERGED from [com.facebook.android:facebook-common:4.34.0] AndroidManifest.xml:29:9-32:66
	android:label
		ADDED from src/main/AndroidManifest.xml:192:13-53
	android:configChanges
		ADDED from src/main/AndroidManifest.xml:191:13-96
	android:theme
		ADDED from [com.facebook.android:facebook-common:4.34.0] AndroidManifest.xml:32:13-63
	android:name
		ADDED from src/main/AndroidManifest.xml:190:13-57
activity#com.cabi.driver.WithDrawMenuAct
ADDED from src/main/AndroidManifest.xml:193:9-199:67
	android:screenOrientation
		ADDED from src/main/AndroidManifest.xml:197:13-49
	android:launchMode
		ADDED from src/main/AndroidManifest.xml:195:13-44
	android:windowSoftInputMode
		ADDED from src/main/AndroidManifest.xml:199:13-64
	android:theme
		ADDED from src/main/AndroidManifest.xml:198:13-51
	android:name
		ADDED from src/main/AndroidManifest.xml:194:13-59
activity#com.cabi.driver.WithdrawReqAct
ADDED from src/main/AndroidManifest.xml:200:9-205:67
	android:screenOrientation
		ADDED from src/main/AndroidManifest.xml:203:13-49
	android:launchMode
		ADDED from src/main/AndroidManifest.xml:202:13-44
	android:windowSoftInputMode
		ADDED from src/main/AndroidManifest.xml:205:13-64
	android:theme
		ADDED from src/main/AndroidManifest.xml:204:13-51
	android:name
		ADDED from src/main/AndroidManifest.xml:201:13-58
activity#com.yalantis.ucrop.UCropActivity
ADDED from src/main/AndroidManifest.xml:206:9-209:54
	android:screenOrientation
		ADDED from src/main/AndroidManifest.xml:208:13-49
	android:theme
		ADDED from src/main/AndroidManifest.xml:209:13-51
	android:name
		ADDED from src/main/AndroidManifest.xml:207:13-60
provider#com.facebook.FacebookContentProvider
ADDED from src/main/AndroidManifest.xml:211:9-214:39
	android:authorities
		ADDED from src/main/AndroidManifest.xml:213:13-90
	android:exported